[2026-04-09 01:49:18] [INFO] Starting stock bot in DRY-RUN mode for AAPL, MSFT, NVDA, QQQ, SPY, TSLA
[2026-04-09 01:49:20] [INFO] AAPL price=257.92999267578125 change=1.7475317%
[2026-04-09 01:49:20] [INFO] MSFT price=375.6099853515625 change=0.8917717%
[2026-04-09 01:49:21] [INFO] NVDA price=181.65499877929688 change=1.9960655%
[2026-04-09 01:49:22] [INFO] QQQ price=606.1530151367188 change=2.9839087%
[2026-04-09 01:49:22] [INFO] SPY price=675.5599975585938 change=2.477932%
[2026-04-09 01:49:23] [INFO] TSLA price=346.2650146484375 change=-0.10096815%
[2026-04-09 21:42:19] [WARN] State file is unreadable. Starting with a fresh state.
[2026-04-09 21:42:19] [INFO] Starting stock bot in DRY-RUN mode for AAPL, MSFT, NVDA, QQQ, SPY, TSLA
[2026-04-09 21:42:22] [INFO] AAPL price=258.260009765625 change=-0.25878057%
[2026-04-09 21:42:23] [INFO] MSFT price=369.0899963378906 change=-1.3865024%
[2026-04-09 21:42:24] [INFO] NVDA price=181.55599975585938 change=-0.29108018%
[2026-04-09 21:42:24] [INFO] QQQ price=605.72998046875 change=-0.069303885%
[2026-04-09 21:42:25] [INFO] SPY price=675.239990234375 change=-0.12129209%
[2026-04-09 21:42:26] [INFO] TSLA price=344.70001220703125 change=0.42243618%
[2026-04-09 21:42:27] [INFO] AAPL external ret5d=1.023% sma20_gap=2.0986%
[2026-04-09 21:42:29] [INFO] MSFT external ret5d=-0.0344% sma20_gap=-2.4415%
[2026-04-09 21:42:30] [INFO] NVDA external ret5d=3.2716% sma20_gap=2.5275%
[2026-04-09 21:42:30] [INFO] QQQ external ret5d=3.6608% sma20_gap=3.0589%
[2026-04-09 21:42:30] [INFO] SPY external ret5d=3.0523% sma20_gap=2.7347%
[2026-04-09 21:42:31] [INFO] TSLA external ret5d=-9.6325% sma20_gap=-7.6559%
